{"E:\\Workspace\\Testes Técnicos\\Leve Saúde\\projeto-agenda-medica\\src\\agenda\\dto\\AgendaDTO.ts": {"path":"E:\\Workspace\\Testes Técnicos\\Leve Saúde\\projeto-agenda-medica\\src\\agenda\\dto\\AgendaDTO.ts","all":false,"statementMap":{"0":{"start":{"line":1,"column":0},"end":{"line":1,"column":47}},"1":{"start":{"line":2,"column":0},"end":{"line":2,"column":0}},"2":{"start":{"line":3,"column":0},"end":{"line":3,"column":43}},"3":{"start":{"line":4,"column":0},"end":{"line":4,"column":13}},"4":{"start":{"line":5,"column":0},"end":{"line":5,"column":15}},"5":{"start":{"line":6,"column":0},"end":{"line":6,"column":24}},"6":{"start":{"line":7,"column":0},"end":{"line":7,"column":33}},"7":{"start":{"line":8,"column":0},"end":{"line":8,"column":0}},"8":{"start":{"line":9,"column":0},"end":{"line":9,"column":96}},"9":{"start":{"line":10,"column":0},"end":{"line":10,"column":17}},"10":{"start":{"line":11,"column":0},"end":{"line":11,"column":21}},"11":{"start":{"line":12,"column":0},"end":{"line":12,"column":39}},"12":{"start":{"line":13,"column":0},"end":{"line":13,"column":53}},"13":{"start":{"line":14,"column":0},"end":{"line":14,"column":3}},"14":{"start":{"line":15,"column":0},"end":{"line":15,"column":1}}},"s":{"0":1,"1":1,"2":1,"3":1,"4":1,"5":1,"6":1,"7":1,"8":1,"9":4,"10":4,"11":4,"12":4,"13":4,"14":1},"branchMap":{"0":{"type":"branch","line":9,"loc":{"start":{"line":9,"column":2},"end":{"line":14,"column":3}},"locations":[{"start":{"line":9,"column":2},"end":{"line":14,"column":3}}]}},"b":{"0":[4]},"fnMap":{"0":{"name":"AgendaDTO","decl":{"start":{"line":9,"column":2},"end":{"line":14,"column":3}},"loc":{"start":{"line":9,"column":2},"end":{"line":14,"column":3}},"line":9}},"f":{"0":4}}
,"E:\\Workspace\\Testes Técnicos\\Leve Saúde\\projeto-agenda-medica\\src\\agendamento\\controller\\AgendamentoController.ts": {"path":"E:\\Workspace\\Testes Técnicos\\Leve Saúde\\projeto-agenda-medica\\src\\agendamento\\controller\\AgendamentoController.ts","all":false,"statementMap":{"0":{"start":{"line":1,"column":0},"end":{"line":1,"column":73}},"1":{"start":{"line":2,"column":0},"end":{"line":2,"column":67}},"2":{"start":{"line":3,"column":0},"end":{"line":3,"column":55}},"3":{"start":{"line":4,"column":0},"end":{"line":4,"column":57}},"4":{"start":{"line":5,"column":0},"end":{"line":5,"column":0}},"5":{"start":{"line":6,"column":0},"end":{"line":6,"column":52}},"6":{"start":{"line":7,"column":0},"end":{"line":7,"column":0}},"7":{"start":{"line":8,"column":0},"end":{"line":8,"column":78}},"8":{"start":{"line":9,"column":0},"end":{"line":9,"column":105}},"9":{"start":{"line":10,"column":0},"end":{"line":10,"column":9}},"10":{"start":{"line":11,"column":0},"end":{"line":11,"column":34}},"11":{"start":{"line":12,"column":0},"end":{"line":12,"column":55}},"12":{"start":{"line":13,"column":0},"end":{"line":13,"column":0}},"13":{"start":{"line":14,"column":0},"end":{"line":14,"column":28}},"14":{"start":{"line":15,"column":0},"end":{"line":15,"column":61}},"15":{"start":{"line":16,"column":0},"end":{"line":16,"column":32}},"16":{"start":{"line":17,"column":0},"end":{"line":17,"column":20}},"17":{"start":{"line":18,"column":0},"end":{"line":18,"column":32}},"18":{"start":{"line":19,"column":0},"end":{"line":19,"column":71}},"19":{"start":{"line":20,"column":0},"end":{"line":20,"column":14}},"20":{"start":{"line":21,"column":0},"end":{"line":21,"column":9}},"21":{"start":{"line":22,"column":0},"end":{"line":22,"column":0}},"22":{"start":{"line":23,"column":0},"end":{"line":23,"column":45}},"23":{"start":{"line":24,"column":0},"end":{"line":24,"column":114}},"24":{"start":{"line":25,"column":0},"end":{"line":25,"column":0}},"25":{"start":{"line":26,"column":0},"end":{"line":26,"column":31}},"26":{"start":{"line":27,"column":0},"end":{"line":27,"column":79}},"27":{"start":{"line":28,"column":0},"end":{"line":28,"column":0}},"28":{"start":{"line":29,"column":0},"end":{"line":29,"column":41}},"29":{"start":{"line":30,"column":0},"end":{"line":30,"column":16}},"30":{"start":{"line":31,"column":0},"end":{"line":31,"column":28}},"31":{"start":{"line":32,"column":0},"end":{"line":32,"column":44}},"32":{"start":{"line":33,"column":0},"end":{"line":33,"column":22}},"33":{"start":{"line":34,"column":0},"end":{"line":34,"column":51}},"34":{"start":{"line":35,"column":0},"end":{"line":35,"column":14}},"35":{"start":{"line":36,"column":0},"end":{"line":36,"column":10}},"36":{"start":{"line":37,"column":0},"end":{"line":37,"column":21}},"37":{"start":{"line":38,"column":0},"end":{"line":38,"column":37}},"38":{"start":{"line":39,"column":0},"end":{"line":39,"column":95}},"39":{"start":{"line":40,"column":0},"end":{"line":40,"column":16}},"40":{"start":{"line":41,"column":0},"end":{"line":41,"column":28}},"41":{"start":{"line":42,"column":0},"end":{"line":42,"column":51}},"42":{"start":{"line":43,"column":0},"end":{"line":43,"column":10}},"43":{"start":{"line":44,"column":0},"end":{"line":44,"column":5}},"44":{"start":{"line":45,"column":0},"end":{"line":45,"column":2}},"45":{"start":{"line":46,"column":0},"end":{"line":46,"column":0}},"46":{"start":{"line":47,"column":0},"end":{"line":47,"column":52}},"47":{"start":{"line":48,"column":0},"end":{"line":48,"column":106}},"48":{"start":{"line":49,"column":0},"end":{"line":49,"column":63}},"49":{"start":{"line":50,"column":0},"end":{"line":50,"column":0}},"50":{"start":{"line":51,"column":0},"end":{"line":51,"column":62}},"51":{"start":{"line":52,"column":0},"end":{"line":52,"column":40}},"52":{"start":{"line":53,"column":0},"end":{"line":53,"column":102}},"53":{"start":{"line":54,"column":0},"end":{"line":54,"column":5}},"54":{"start":{"line":55,"column":0},"end":{"line":55,"column":75}},"55":{"start":{"line":56,"column":0},"end":{"line":56,"column":117}},"56":{"start":{"line":57,"column":0},"end":{"line":57,"column":5}},"57":{"start":{"line":58,"column":0},"end":{"line":58,"column":100}},"58":{"start":{"line":59,"column":0},"end":{"line":59,"column":127}},"59":{"start":{"line":60,"column":0},"end":{"line":60,"column":5}},"60":{"start":{"line":61,"column":0},"end":{"line":61,"column":0}},"61":{"start":{"line":62,"column":0},"end":{"line":62,"column":28}},"62":{"start":{"line":63,"column":0},"end":{"line":63,"column":1}}},"s":{"0":1,"1":1,"2":1,"3":1,"4":1,"5":1,"6":1,"7":1,"8":1,"9":7,"10":7,"11":7,"12":7,"13":7,"14":7,"15":7,"16":4,"17":4,"18":4,"19":4,"20":4,"21":3,"22":3,"23":3,"24":3,"25":3,"26":3,"27":3,"28":3,"29":3,"30":3,"31":3,"32":3,"33":3,"34":3,"35":3,"36":7,"37":2,"38":2,"39":2,"40":2,"41":2,"42":2,"43":2,"44":7,"45":1,"46":1,"47":7,"48":7,"49":7,"50":7,"51":7,"52":2,"53":2,"54":7,"55":1,"56":1,"57":7,"58":1,"59":1,"60":3,"61":3,"62":3},"branchMap":{"0":{"type":"branch","line":9,"loc":{"start":{"line":9,"column":33},"end":{"line":45,"column":2}},"locations":[{"start":{"line":9,"column":33},"end":{"line":45,"column":2}}]},"1":{"type":"branch","line":9,"loc":{"start":{"line":9,"column":103},"end":{"line":45,"column":2}},"locations":[{"start":{"line":9,"column":103},"end":{"line":45,"column":2}}]},"2":{"type":"branch","line":12,"loc":{"start":{"line":12,"column":45},"end":{"line":12,"column":53}},"locations":[{"start":{"line":12,"column":45},"end":{"line":12,"column":53}}]},"3":{"type":"branch","line":16,"loc":{"start":{"line":16,"column":31},"end":{"line":21,"column":9}},"locations":[{"start":{"line":16,"column":31},"end":{"line":21,"column":9}}]},"4":{"type":"branch","line":22,"loc":{"start":{"line":22,"column":-2},"end":{"line":37,"column":13}},"locations":[{"start":{"line":22,"column":-2},"end":{"line":37,"column":13}}]},"5":{"type":"branch","line":37,"loc":{"start":{"line":37,"column":6},"end":{"line":44,"column":5}},"locations":[{"start":{"line":37,"column":6},"end":{"line":44,"column":5}}]},"6":{"type":"branch","line":39,"loc":{"start":{"line":39,"column":43},"end":{"line":39,"column":58}},"locations":[{"start":{"line":39,"column":43},"end":{"line":39,"column":58}}]},"7":{"type":"branch","line":39,"loc":{"start":{"line":39,"column":59},"end":{"line":39,"column":94}},"locations":[{"start":{"line":39,"column":59},"end":{"line":39,"column":94}}]},"8":{"type":"branch","line":48,"loc":{"start":{"line":48,"column":0},"end":{"line":63,"column":1}},"locations":[{"start":{"line":48,"column":0},"end":{"line":63,"column":1}}]},"9":{"type":"branch","line":52,"loc":{"start":{"line":52,"column":39},"end":{"line":54,"column":5}},"locations":[{"start":{"line":52,"column":39},"end":{"line":54,"column":5}}]},"10":{"type":"branch","line":55,"loc":{"start":{"line":55,"column":-2},"end":{"line":55,"column":45}},"locations":[{"start":{"line":55,"column":-2},"end":{"line":55,"column":45}}]},"11":{"type":"branch","line":55,"loc":{"start":{"line":55,"column":41},"end":{"line":55,"column":72}},"locations":[{"start":{"line":55,"column":41},"end":{"line":55,"column":72}}]},"12":{"type":"branch","line":55,"loc":{"start":{"line":55,"column":74},"end":{"line":57,"column":5}},"locations":[{"start":{"line":55,"column":74},"end":{"line":57,"column":5}}]},"13":{"type":"branch","line":58,"loc":{"start":{"line":58,"column":-2},"end":{"line":58,"column":97}},"locations":[{"start":{"line":58,"column":-2},"end":{"line":58,"column":97}}]},"14":{"type":"branch","line":58,"loc":{"start":{"line":58,"column":99},"end":{"line":60,"column":5}},"locations":[{"start":{"line":58,"column":99},"end":{"line":60,"column":5}}]},"15":{"type":"branch","line":61,"loc":{"start":{"line":61,"column":-2},"end":{"line":63,"column":1}},"locations":[{"start":{"line":61,"column":-2},"end":{"line":63,"column":1}}]}},"b":{"0":[7],"1":[7],"2":[1],"3":[4],"4":[3],"5":[2],"6":[1],"7":[1],"8":[7],"9":[2],"10":[5],"11":[4],"12":[1],"13":[4],"14":[1],"15":[3]},"fnMap":{"0":{"name":"marcarAgendamento","decl":{"start":{"line":9,"column":33},"end":{"line":45,"column":2}},"loc":{"start":{"line":9,"column":33},"end":{"line":45,"column":2}},"line":9},"1":{"name":"validarPayloadAgendamento","decl":{"start":{"line":48,"column":0},"end":{"line":63,"column":1}},"loc":{"start":{"line":48,"column":0},"end":{"line":63,"column":1}},"line":48}},"f":{"0":7,"1":7}}
,"E:\\Workspace\\Testes Técnicos\\Leve Saúde\\projeto-agenda-medica\\src\\agendamento\\dto\\AgendamentoDTO.ts": {"path":"E:\\Workspace\\Testes Técnicos\\Leve Saúde\\projeto-agenda-medica\\src\\agendamento\\dto\\AgendamentoDTO.ts","all":false,"statementMap":{"0":{"start":{"line":1,"column":0},"end":{"line":1,"column":57}},"1":{"start":{"line":2,"column":0},"end":{"line":2,"column":0}},"2":{"start":{"line":3,"column":0},"end":{"line":3,"column":53}},"3":{"start":{"line":4,"column":0},"end":{"line":4,"column":20}},"4":{"start":{"line":5,"column":0},"end":{"line":5,"column":24}},"5":{"start":{"line":6,"column":0},"end":{"line":6,"column":23}},"6":{"start":{"line":7,"column":0},"end":{"line":7,"column":0}},"7":{"start":{"line":8,"column":0},"end":{"line":8,"column":79}},"8":{"start":{"line":9,"column":0},"end":{"line":9,"column":31}},"9":{"start":{"line":10,"column":0},"end":{"line":10,"column":39}},"10":{"start":{"line":11,"column":0},"end":{"line":11,"column":37}},"11":{"start":{"line":12,"column":0},"end":{"line":12,"column":3}},"12":{"start":{"line":13,"column":0},"end":{"line":13,"column":1}}},"s":{"0":1,"1":1,"2":1,"3":1,"4":1,"5":1,"6":1,"7":1,"8":5,"9":5,"10":5,"11":5,"12":1},"branchMap":{"0":{"type":"branch","line":8,"loc":{"start":{"line":8,"column":2},"end":{"line":12,"column":3}},"locations":[{"start":{"line":8,"column":2},"end":{"line":12,"column":3}}]}},"b":{"0":[5]},"fnMap":{"0":{"name":"AgendamentoDTO","decl":{"start":{"line":8,"column":2},"end":{"line":12,"column":3}},"loc":{"start":{"line":8,"column":2},"end":{"line":12,"column":3}},"line":8}},"f":{"0":5}}
,"E:\\Workspace\\Testes Técnicos\\Leve Saúde\\projeto-agenda-medica\\src\\agendamento\\mocks\\AgendamentoMock.ts": {"path":"E:\\Workspace\\Testes Técnicos\\Leve Saúde\\projeto-agenda-medica\\src\\agendamento\\mocks\\AgendamentoMock.ts","all":false,"statementMap":{"0":{"start":{"line":1,"column":0},"end":{"line":1,"column":55}},"1":{"start":{"line":2,"column":0},"end":{"line":2,"column":55}},"2":{"start":{"line":3,"column":0},"end":{"line":3,"column":0}},"3":{"start":{"line":4,"column":0},"end":{"line":4,"column":50}},"4":{"start":{"line":5,"column":0},"end":{"line":5,"column":40}},"5":{"start":{"line":6,"column":0},"end":{"line":6,"column":55}},"6":{"start":{"line":7,"column":0},"end":{"line":7,"column":23}},"7":{"start":{"line":8,"column":0},"end":{"line":8,"column":23}},"8":{"start":{"line":9,"column":0},"end":{"line":9,"column":23}},"9":{"start":{"line":10,"column":0},"end":{"line":10,"column":5}},"10":{"start":{"line":11,"column":0},"end":{"line":11,"column":58}},"11":{"start":{"line":12,"column":0},"end":{"line":12,"column":23}},"12":{"start":{"line":13,"column":0},"end":{"line":13,"column":23}},"13":{"start":{"line":14,"column":0},"end":{"line":14,"column":5}},"14":{"start":{"line":15,"column":0},"end":{"line":15,"column":2}},"15":{"start":{"line":16,"column":0},"end":{"line":16,"column":0}},"16":{"start":{"line":17,"column":0},"end":{"line":17,"column":38}},"17":{"start":{"line":18,"column":0},"end":{"line":18,"column":52}}},"s":{"0":1,"1":1,"2":1,"3":1,"4":1,"5":1,"6":1,"7":1,"8":1,"9":1,"10":1,"11":1,"12":1,"13":1,"14":1,"15":1,"16":1,"17":1},"branchMap":{},"b":{},"fnMap":{},"f":{}}
,"E:\\Workspace\\Testes Técnicos\\Leve Saúde\\projeto-agenda-medica\\src\\agendamento\\service\\AgendamentoService.ts": {"path":"E:\\Workspace\\Testes Técnicos\\Leve Saúde\\projeto-agenda-medica\\src\\agendamento\\service\\AgendamentoService.ts","all":false,"statementMap":{"0":{"start":{"line":1,"column":0},"end":{"line":1,"column":55}},"1":{"start":{"line":2,"column":0},"end":{"line":2,"column":54}},"2":{"start":{"line":3,"column":0},"end":{"line":3,"column":59}},"3":{"start":{"line":4,"column":0},"end":{"line":4,"column":0}},"4":{"start":{"line":5,"column":0},"end":{"line":5,"column":33}},"5":{"start":{"line":6,"column":0},"end":{"line":6,"column":50}},"6":{"start":{"line":7,"column":0},"end":{"line":7,"column":58}},"7":{"start":{"line":8,"column":0},"end":{"line":8,"column":35}},"8":{"start":{"line":9,"column":0},"end":{"line":9,"column":119}},"9":{"start":{"line":10,"column":0},"end":{"line":10,"column":6}},"10":{"start":{"line":11,"column":0},"end":{"line":11,"column":0}},"11":{"start":{"line":12,"column":0},"end":{"line":12,"column":18}},"12":{"start":{"line":13,"column":0},"end":{"line":13,"column":56}},"13":{"start":{"line":14,"column":0},"end":{"line":14,"column":5}},"14":{"start":{"line":15,"column":0},"end":{"line":15,"column":0}},"15":{"start":{"line":16,"column":0},"end":{"line":16,"column":54}},"16":{"start":{"line":17,"column":0},"end":{"line":17,"column":37}},"17":{"start":{"line":18,"column":0},"end":{"line":18,"column":0}},"18":{"start":{"line":19,"column":0},"end":{"line":19,"column":12}},"19":{"start":{"line":20,"column":0},"end":{"line":20,"column":52}},"20":{"start":{"line":21,"column":0},"end":{"line":21,"column":20}},"21":{"start":{"line":22,"column":0},"end":{"line":22,"column":28}},"22":{"start":{"line":23,"column":0},"end":{"line":23,"column":44}},"23":{"start":{"line":24,"column":0},"end":{"line":24,"column":46}},"24":{"start":{"line":25,"column":0},"end":{"line":25,"column":7}},"25":{"start":{"line":26,"column":0},"end":{"line":26,"column":6}},"26":{"start":{"line":27,"column":0},"end":{"line":27,"column":3}},"27":{"start":{"line":28,"column":0},"end":{"line":28,"column":1}}},"s":{"0":1,"1":1,"2":1,"3":1,"4":1,"5":1,"6":2,"7":2,"8":2,"9":2,"10":2,"11":2,"12":1,"13":1,"14":1,"15":1,"16":1,"17":1,"18":1,"19":1,"20":1,"21":1,"22":1,"23":1,"24":1,"25":1,"26":1,"27":1},"branchMap":{"0":{"type":"branch","line":6,"loc":{"start":{"line":6,"column":2},"end":{"line":27,"column":3}},"locations":[{"start":{"line":6,"column":2},"end":{"line":27,"column":3}}]},"1":{"type":"branch","line":12,"loc":{"start":{"line":12,"column":17},"end":{"line":27,"column":3}},"locations":[{"start":{"line":12,"column":17},"end":{"line":27,"column":3}}]},"2":{"type":"branch","line":9,"loc":{"start":{"line":9,"column":6},"end":{"line":9,"column":119}},"locations":[{"start":{"line":9,"column":6},"end":{"line":9,"column":119}}]},"3":{"type":"branch","line":9,"loc":{"start":{"line":9,"column":53},"end":{"line":9,"column":119}},"locations":[{"start":{"line":9,"column":53},"end":{"line":9,"column":119}}]}},"b":{"0":[2],"1":[1],"2":[3],"3":[2]},"fnMap":{"0":{"name":"marcarAgendamento","decl":{"start":{"line":6,"column":2},"end":{"line":27,"column":3}},"loc":{"start":{"line":6,"column":2},"end":{"line":27,"column":3}},"line":6}},"f":{"0":2}}
}
