TN:
SF:src\agenda\dto\AgendaDTO.ts
FN:9,AgendaDTO
FNF:1
FNH:1
FNDA:4,AgendaDTO
DA:1,1
DA:2,1
DA:3,1
DA:4,1
DA:5,1
DA:6,1
DA:7,1
DA:8,1
DA:9,1
DA:10,4
DA:11,4
DA:12,4
DA:13,4
DA:14,4
DA:15,1
LF:15
LH:15
BRDA:9,0,0,4
BRF:1
BRH:1
end_of_record
TN:
SF:src\agendamento\controller\AgendamentoController.ts
FN:9,marcarAgendamento
FN:48,validarPayloadAgendamento
FNF:2
FNH:2
FNDA:7,marcarAgendamento
FNDA:7,validarPayloadAgendamento
DA:1,1
DA:2,1
DA:3,1
DA:4,1
DA:5,1
DA:6,1
DA:7,1
DA:8,1
DA:9,1
DA:10,7
DA:11,7
DA:12,7
DA:13,7
DA:14,7
DA:15,7
DA:16,7
DA:17,4
DA:18,4
DA:19,4
DA:20,4
DA:21,4
DA:22,3
DA:23,3
DA:24,3
DA:25,3
DA:26,3
DA:27,3
DA:28,3
DA:29,3
DA:30,3
DA:31,3
DA:32,3
DA:33,3
DA:34,3
DA:35,3
DA:36,3
DA:37,7
DA:38,2
DA:39,2
DA:40,2
DA:41,2
DA:42,2
DA:43,2
DA:44,2
DA:45,7
DA:46,1
DA:47,1
DA:48,7
DA:49,7
DA:50,7
DA:51,7
DA:52,7
DA:53,2
DA:54,2
DA:55,7
DA:56,1
DA:57,1
DA:58,7
DA:59,1
DA:60,1
DA:61,3
DA:62,3
DA:63,3
LF:63
LH:63
BRDA:9,0,0,7
BRDA:9,1,0,7
BRDA:12,2,0,1
BRDA:16,3,0,4
BRDA:22,4,0,3
BRDA:37,5,0,2
BRDA:39,6,0,1
BRDA:39,7,0,1
BRDA:48,8,0,7
BRDA:52,9,0,2
BRDA:55,10,0,5
BRDA:55,11,0,4
BRDA:55,12,0,1
BRDA:58,13,0,4
BRDA:58,14,0,1
BRDA:61,15,0,3
BRF:16
BRH:16
end_of_record
TN:
SF:src\agendamento\dto\AgendamentoDTO.ts
FN:8,AgendamentoDTO
FNF:1
FNH:1
FNDA:5,AgendamentoDTO
DA:1,1
DA:2,1
DA:3,1
DA:4,1
DA:5,1
DA:6,1
DA:7,1
DA:8,1
DA:9,5
DA:10,5
DA:11,5
DA:12,5
DA:13,1
LF:13
LH:13
BRDA:8,0,0,5
BRF:1
BRH:1
end_of_record
TN:
SF:src\agendamento\mocks\AgendamentoMock.ts
FNF:0
FNH:0
DA:1,1
DA:2,1
DA:3,1
DA:4,1
DA:5,1
DA:6,1
DA:7,1
DA:8,1
DA:9,1
DA:10,1
DA:11,1
DA:12,1
DA:13,1
DA:14,1
DA:15,1
DA:16,1
DA:17,1
DA:18,1
LF:18
LH:18
BRF:0
BRH:0
end_of_record
TN:
SF:src\agendamento\service\AgendamentoService.ts
FN:6,marcarAgendamento
FNF:1
FNH:1
FNDA:2,marcarAgendamento
DA:1,1
DA:2,1
DA:3,1
DA:4,1
DA:5,1
DA:6,1
DA:7,2
DA:8,2
DA:9,2
DA:10,2
DA:11,2
DA:12,2
DA:13,1
DA:14,1
DA:15,1
DA:16,1
DA:17,1
DA:18,1
DA:19,1
DA:20,1
DA:21,1
DA:22,1
DA:23,1
DA:24,1
DA:25,1
DA:26,1
DA:27,1
DA:28,1
LF:28
LH:28
BRDA:6,0,0,2
BRDA:12,1,0,1
BRDA:9,2,0,3
BRDA:9,3,0,2
BRF:4
BRH:4
end_of_record
